2026-03-28 14:53:15 | INFO | CI | === RUN START ===
2026-03-28 14:53:15 | INFO | CI | project=MODULE 4: EVTL PIPELINE
2026-03-28 14:53:15 | INFO | CI | repo_dir=nlp-04-api-text-data
2026-03-28 14:53:15 | INFO | CI | python=3.14.3
2026-03-28 14:53:15 | INFO | CI | os=Windows 11
2026-03-28 14:53:15 | INFO | CI | shell=powershell
2026-03-28 14:53:15 | INFO | CI | cwd=.
2026-03-28 14:53:15 | INFO | CI | github_actions=False
2026-03-28 14:53:15 | INFO | CI | START PIPELINE
2026-03-28 14:53:15 | INFO | CI | ROOT_PATH = .
2026-03-28 14:53:15 | INFO | CI | DATA_PATH = data
2026-03-28 14:53:15 | INFO | CI | RAW_PATH = data\raw
2026-03-28 14:53:15 | INFO | CI | PROCESSED_PATH = data\processed
2026-03-28 14:53:15 | INFO | CI | ========================
2026-03-28 14:53:15 | INFO | CI | STAGE 01: EXTRACT starting... 
2026-03-28 14:53:15 | INFO | CI | ========================
2026-03-28 14:53:15 | INFO | CI | SOURCE PATH = https://jsonplaceholder.typicode.com/posts
2026-03-28 14:53:15 | INFO | CI | SINK PATH = data\raw\case_raw.json
2026-03-28 14:53:15 | INFO | CI | ========================
2026-03-28 14:53:15 | INFO | CI | STAGE 02: VALIDATE starting...
2026-03-28 14:53:15 | INFO | CI | ========================
2026-03-28 14:53:15 | INFO | CI | JSON STRUCTURE INSPECTION:
2026-03-28 14:53:15 | INFO | CI | Top-level type: list
2026-03-28 14:53:15 | INFO | CI | Keys in first record: ['userId', 'id', 'title', 'body']
2026-03-28 14:53:15 | INFO | CI | Field types:
2026-03-28 14:53:15 | INFO | CI | userId: int
2026-03-28 14:53:15 | INFO | CI | id: int
2026-03-28 14:53:15 | INFO | CI | title: str
2026-03-28 14:53:15 | INFO | CI | body: str
2026-03-28 14:53:15 | INFO | CI | Validation passed.
2026-03-28 14:53:15 | INFO | CI | Sink: validated JSON object
2026-03-28 14:53:15 | INFO | CI | ========================
2026-03-28 14:53:15 | INFO | CI | STAGE 03: TRANSFORM starting...
2026-03-28 14:53:15 | INFO | CI | ========================
2026-03-28 14:53:15 | INFO | CI | Transformation complete.
2026-03-28 14:53:15 | INFO | CI | DataFrame preview:
shape: (5, 6)
┌─────────┬─────────┬─────────────────────────────────┬─────────────────────────────────┬──────────────┬─────────────┐
│ user_id ┆ post_id ┆ title                           ┆ body                            ┆ title_length ┆ body_length │
│ ---     ┆ ---     ┆ ---                             ┆ ---                             ┆ ---          ┆ ---         │
│ i64     ┆ i64     ┆ str                             ┆ str                             ┆ u32          ┆ u32         │
╞═════════╪═════════╪═════════════════════════════════╪═════════════════════════════════╪══════════════╪═════════════╡
│ 1       ┆ 1       ┆ sunt aut facere repellat provi… ┆ quia et suscipit                ┆ 74           ┆ 158         │
│         ┆         ┆                                 ┆ suscipit recu…                  ┆              ┆             │
│ 1       ┆ 2       ┆ qui est esse                    ┆ est rerum tempore vitae         ┆ 12           ┆ 206         │
│         ┆         ┆                                 ┆ sequi …                         ┆              ┆             │
│ 1       ┆ 3       ┆ ea molestias quasi exercitatio… ┆ et iusto sed quo iure           ┆ 59           ┆ 164         │
│         ┆         ┆                                 ┆ voluptat…                       ┆              ┆             │
│ 1       ┆ 4       ┆ eum et est occaecati            ┆ ullam et saepe reiciendis volu… ┆ 20           ┆ 190         │
│ 1       ┆ 5       ┆ nesciunt quas odio              ┆ repudiandae veniam quaerat sun… ┆ 18           ┆ 147         │
└─────────┴─────────┴─────────────────────────────────┴─────────────────────────────────┴──────────────┴─────────────┘
2026-03-28 14:53:15 | INFO | CI | Sink: Polars DataFrame created
2026-03-28 14:53:15 | INFO | CI | ========================
2026-03-28 14:53:15 | INFO | CI | STAGE 04: LOAD starting...
2026-03-28 14:53:15 | INFO | CI | ========================
2026-03-28 14:53:15 | INFO | CI | SINK PATH = data\processed\case_processed.csv
2026-03-28 14:53:15 | INFO | CI | ========================
2026-03-28 14:53:15 | INFO | CI | Pipeline executed successfully!
2026-03-28 14:53:15 | INFO | CI | ========================
2026-03-28 14:58:54 | INFO | CI | === RUN START ===
2026-03-28 14:58:54 | INFO | CI | project=MODULE 4: EVTL PIPELINE
2026-03-28 14:58:54 | INFO | CI | repo_dir=nlp-04-api-text-data
2026-03-28 14:58:54 | INFO | CI | python=3.14.3
2026-03-28 14:58:54 | INFO | CI | os=Windows 11
2026-03-28 14:58:54 | INFO | CI | shell=powershell
2026-03-28 14:58:54 | INFO | CI | cwd=.
2026-03-28 14:58:54 | INFO | CI | github_actions=False
2026-03-28 14:58:54 | INFO | CI | START PIPELINE
2026-03-28 14:58:54 | INFO | CI | ROOT_PATH = .
2026-03-28 14:58:54 | INFO | CI | DATA_PATH = data
2026-03-28 14:58:54 | INFO | CI | RAW_PATH = data\raw
2026-03-28 14:58:54 | INFO | CI | PROCESSED_PATH = data\processed
2026-03-28 14:58:54 | INFO | CI | ========================
2026-03-28 14:58:54 | INFO | CI | STAGE 01: EXTRACT starting... 
2026-03-28 14:58:54 | INFO | CI | ========================
2026-03-28 14:58:54 | INFO | CI | SOURCE PATH = https://jsonplaceholder.typicode.com/posts
2026-03-28 14:58:54 | INFO | CI | SINK PATH = data\raw\case_raw.json
2026-03-28 14:58:54 | INFO | CI | ========================
2026-03-28 14:58:54 | INFO | CI | STAGE 02: VALIDATE starting...
2026-03-28 14:58:54 | INFO | CI | ========================
2026-03-28 14:58:54 | INFO | CI | JSON STRUCTURE INSPECTION:
2026-03-28 14:58:54 | INFO | CI | Top-level type: list
2026-03-28 14:58:54 | INFO | CI | Keys in first record: ['userId', 'id', 'title', 'body']
2026-03-28 14:58:54 | INFO | CI | Field types:
2026-03-28 14:58:54 | INFO | CI | userId: int
2026-03-28 14:58:54 | INFO | CI | id: int
2026-03-28 14:58:54 | INFO | CI | title: str
2026-03-28 14:58:54 | INFO | CI | body: str
2026-03-28 14:58:54 | INFO | CI | Validation passed.
2026-03-28 14:58:54 | INFO | CI | Sink: validated JSON object
2026-03-28 14:58:54 | INFO | CI | ========================
2026-03-28 14:58:54 | INFO | CI | STAGE 03: TRANSFORM starting...
2026-03-28 14:58:54 | INFO | CI | ========================
2026-03-28 14:58:54 | INFO | CI | Transformation complete.
2026-03-28 14:58:54 | INFO | CI | DataFrame preview:
shape: (5, 6)
┌─────────┬─────────┬─────────────────────────────────┬─────────────────────────────────┬──────────────┬─────────────┐
│ user_id ┆ post_id ┆ title                           ┆ body                            ┆ title_length ┆ body_length │
│ ---     ┆ ---     ┆ ---                             ┆ ---                             ┆ ---          ┆ ---         │
│ i64     ┆ i64     ┆ str                             ┆ str                             ┆ u32          ┆ u32         │
╞═════════╪═════════╪═════════════════════════════════╪═════════════════════════════════╪══════════════╪═════════════╡
│ 1       ┆ 1       ┆ sunt aut facere repellat provi… ┆ quia et suscipit                ┆ 74           ┆ 158         │
│         ┆         ┆                                 ┆ suscipit recu…                  ┆              ┆             │
│ 1       ┆ 2       ┆ qui est esse                    ┆ est rerum tempore vitae         ┆ 12           ┆ 206         │
│         ┆         ┆                                 ┆ sequi …                         ┆              ┆             │
│ 1       ┆ 3       ┆ ea molestias quasi exercitatio… ┆ et iusto sed quo iure           ┆ 59           ┆ 164         │
│         ┆         ┆                                 ┆ voluptat…                       ┆              ┆             │
│ 1       ┆ 4       ┆ eum et est occaecati            ┆ ullam et saepe reiciendis volu… ┆ 20           ┆ 190         │
│ 1       ┆ 5       ┆ nesciunt quas odio              ┆ repudiandae veniam quaerat sun… ┆ 18           ┆ 147         │
└─────────┴─────────┴─────────────────────────────────┴─────────────────────────────────┴──────────────┴─────────────┘
2026-03-28 14:58:54 | INFO | CI | Sink: Polars DataFrame created
2026-03-28 14:58:54 | INFO | CI | ========================
2026-03-28 14:58:54 | INFO | CI | STAGE 04: LOAD starting...
2026-03-28 14:58:54 | INFO | CI | ========================
2026-03-28 14:58:54 | INFO | CI | SINK PATH = data\processed\case_processed.csv
2026-03-28 14:58:54 | INFO | CI | ========================
2026-03-28 14:58:54 | INFO | CI | Pipeline executed successfully!
2026-03-28 14:58:54 | INFO | CI | ========================
2026-04-01 12:15:00 | INFO | CI | === RUN START ===
2026-04-01 12:15:00 | INFO | CI | project=MODULE 4: EVTL PIPELINE
2026-04-01 12:15:00 | INFO | CI | repo_dir=nlp-04-api-text-data
2026-04-01 12:15:00 | INFO | CI | python=3.14.3
2026-04-01 12:15:00 | INFO | CI | os=Windows 11
2026-04-01 12:15:00 | INFO | CI | shell=powershell
2026-04-01 12:15:00 | INFO | CI | cwd=.
2026-04-01 12:15:00 | INFO | CI | github_actions=False
2026-04-01 12:15:00 | INFO | CI | START PIPELINE
2026-04-01 12:15:00 | INFO | CI | ROOT_PATH = .
2026-04-01 12:15:00 | INFO | CI | DATA_PATH = data
2026-04-01 12:15:00 | INFO | CI | RAW_PATH = data\raw
2026-04-01 12:15:00 | INFO | CI | PROCESSED_PATH = data\processed
2026-04-01 12:15:00 | INFO | CI | ========================
2026-04-01 12:15:00 | INFO | CI | STAGE 01: EXTRACT starting... 
2026-04-01 12:15:00 | INFO | CI | ========================
2026-04-01 12:15:00 | INFO | CI | SOURCE PATH = https://jsonplaceholder.typicode.com/posts
2026-04-01 12:15:00 | INFO | CI | SINK PATH = data\raw\case_raw.json
2026-04-01 12:15:00 | INFO | CI | ========================
2026-04-01 12:15:00 | INFO | CI | STAGE 02: VALIDATE starting...
2026-04-01 12:15:00 | INFO | CI | ========================
2026-04-01 12:15:00 | INFO | CI | JSON STRUCTURE INSPECTION:
2026-04-01 12:15:00 | INFO | CI | Top-level type: list
2026-04-01 12:15:00 | INFO | CI | Keys in first record: ['userId', 'id', 'title', 'body']
2026-04-01 12:15:00 | INFO | CI | Field types:
2026-04-01 12:15:00 | INFO | CI | userId: int
2026-04-01 12:15:00 | INFO | CI | id: int
2026-04-01 12:15:00 | INFO | CI | title: str
2026-04-01 12:15:00 | INFO | CI | body: str
2026-04-01 12:15:00 | INFO | CI | Validation passed.
2026-04-01 12:15:00 | INFO | CI | Sink: validated JSON object
2026-04-01 12:15:00 | INFO | CI | ========================
2026-04-01 12:15:00 | INFO | CI | STAGE 03: TRANSFORM starting...
2026-04-01 12:15:00 | INFO | CI | ========================
2026-04-01 12:15:00 | INFO | CI | Transformation complete.
2026-04-01 12:15:00 | INFO | CI | DataFrame preview:
shape: (5, 6)
┌─────────┬─────────┬─────────────────────────────────┬─────────────────────────────────┬──────────────┬─────────────┐
│ user_id ┆ post_id ┆ title                           ┆ body                            ┆ title_length ┆ body_length │
│ ---     ┆ ---     ┆ ---                             ┆ ---                             ┆ ---          ┆ ---         │
│ i64     ┆ i64     ┆ str                             ┆ str                             ┆ u32          ┆ u32         │
╞═════════╪═════════╪═════════════════════════════════╪═════════════════════════════════╪══════════════╪═════════════╡
│ 1       ┆ 1       ┆ sunt aut facere repellat provi… ┆ quia et suscipit                ┆ 74           ┆ 158         │
│         ┆         ┆                                 ┆ suscipit recu…                  ┆              ┆             │
│ 1       ┆ 2       ┆ qui est esse                    ┆ est rerum tempore vitae         ┆ 12           ┆ 206         │
│         ┆         ┆                                 ┆ sequi …                         ┆              ┆             │
│ 1       ┆ 3       ┆ ea molestias quasi exercitatio… ┆ et iusto sed quo iure           ┆ 59           ┆ 164         │
│         ┆         ┆                                 ┆ voluptat…                       ┆              ┆             │
│ 1       ┆ 4       ┆ eum et est occaecati            ┆ ullam et saepe reiciendis volu… ┆ 20           ┆ 190         │
│ 1       ┆ 5       ┆ nesciunt quas odio              ┆ repudiandae veniam quaerat sun… ┆ 18           ┆ 147         │
└─────────┴─────────┴─────────────────────────────────┴─────────────────────────────────┴──────────────┴─────────────┘
2026-04-01 12:15:00 | INFO | CI | Sink: Polars DataFrame created
2026-04-01 12:15:00 | INFO | CI | ========================
2026-04-01 12:15:00 | INFO | CI | STAGE 04: LOAD starting...
2026-04-01 12:15:00 | INFO | CI | ========================
2026-04-01 12:15:00 | INFO | CI | SINK PATH = data\processed\case_processed.csv
2026-04-01 12:15:00 | INFO | CI | ========================
2026-04-01 12:15:00 | INFO | CI | Pipeline executed successfully!
2026-04-01 12:15:00 | INFO | CI | ========================
2026-04-01 12:17:51 | INFO | CI | === RUN START ===
2026-04-01 12:17:51 | INFO | CI | project=MODULE 4: EVTL PIPELINE
2026-04-01 12:17:51 | INFO | CI | repo_dir=nlp-04-api-text-data
2026-04-01 12:17:51 | INFO | CI | python=3.14.3
2026-04-01 12:17:51 | INFO | CI | os=Windows 11
2026-04-01 12:17:51 | INFO | CI | shell=powershell
2026-04-01 12:17:51 | INFO | CI | cwd=.
2026-04-01 12:17:51 | INFO | CI | github_actions=False
2026-04-01 12:17:51 | INFO | CI | START PIPELINE
2026-04-01 12:17:51 | INFO | CI | ROOT_PATH = .
2026-04-01 12:17:51 | INFO | CI | DATA_PATH = data
2026-04-01 12:17:51 | INFO | CI | RAW_PATH = data\raw
2026-04-01 12:17:51 | INFO | CI | PROCESSED_PATH = data\processed
2026-04-01 12:17:51 | INFO | CI | ========================
2026-04-01 12:17:51 | INFO | CI | STAGE 01: EXTRACT starting... 
2026-04-01 12:17:51 | INFO | CI | ========================
2026-04-01 12:17:52 | INFO | CI | SOURCE PATH = https://pokeapi.co/api/v2/pokemon?limit=20
2026-04-01 12:17:52 | INFO | CI | SINK PATH = data\raw\pokemon_raw.json
2026-04-01 12:17:52 | INFO | CI | ========================
2026-04-01 12:17:52 | INFO | CI | STAGE 02: VALIDATE starting...
2026-04-01 12:17:52 | INFO | CI | ========================
2026-04-01 12:17:52 | INFO | CI | Top-level type: dict
2026-04-01 12:17:52 | INFO | CI | Validation passed. Number of Pokémon records: 20
2026-04-01 12:17:52 | INFO | CI | Sink: validated JSON object (results list)
2026-04-01 12:17:52 | INFO | CI | ========================
2026-04-01 12:17:52 | INFO | CI | STAGE 03: TRANSFORM starting...
2026-04-01 12:17:52 | INFO | CI | ========================
2026-04-01 12:17:52 | INFO | CI | Transformation complete.
2026-04-01 12:17:52 | INFO | CI | DataFrame preview:
shape: (5, 3)
┌────────────┬─────────────────────────────────┬─────────────┐
│ name       ┆ url                             ┆ name_length │
│ ---        ┆ ---                             ┆ ---         │
│ str        ┆ str                             ┆ u32         │
╞════════════╪═════════════════════════════════╪═════════════╡
│ bulbasaur  ┆ https://pokeapi.co/api/v2/poke… ┆ 9           │
│ ivysaur    ┆ https://pokeapi.co/api/v2/poke… ┆ 7           │
│ venusaur   ┆ https://pokeapi.co/api/v2/poke… ┆ 8           │
│ charmander ┆ https://pokeapi.co/api/v2/poke… ┆ 10          │
│ charmeleon ┆ https://pokeapi.co/api/v2/poke… ┆ 10          │
└────────────┴─────────────────────────────────┴─────────────┘
2026-04-01 12:17:52 | INFO | CI | Sink: Polars DataFrame created
2026-04-01 12:17:52 | INFO | CI | ========================
2026-04-01 12:17:52 | INFO | CI | STAGE 04: LOAD starting...
2026-04-01 12:17:52 | INFO | CI | ========================
2026-04-01 12:17:52 | INFO | CI | SINK PATH = data\processed\pokemon_processed.csv
2026-04-01 12:17:52 | INFO | CI | ========================
2026-04-01 12:17:52 | INFO | CI | Pipeline executed successfully!
2026-04-01 12:17:52 | INFO | CI | ========================
2026-04-01 13:51:48 | INFO | CI | === RUN START ===
2026-04-01 13:51:48 | INFO | CI | project=MODULE 4: EVTL PIPELINE
2026-04-01 13:51:48 | INFO | CI | repo_dir=nlp-04-api-text-data
2026-04-01 13:51:48 | INFO | CI | python=3.14.3
2026-04-01 13:51:48 | INFO | CI | os=Windows 11
2026-04-01 13:51:48 | INFO | CI | shell=powershell
2026-04-01 13:51:48 | INFO | CI | cwd=.
2026-04-01 13:51:48 | INFO | CI | github_actions=False
2026-04-01 13:51:48 | INFO | CI | START PIPELINE
2026-04-01 13:51:48 | INFO | CI | ROOT_PATH = .
2026-04-01 13:51:48 | INFO | CI | DATA_PATH = data
2026-04-01 13:51:48 | INFO | CI | RAW_PATH = data\raw
2026-04-01 13:51:48 | INFO | CI | PROCESSED_PATH = data\processed
2026-04-01 13:51:48 | INFO | CI | ========================
2026-04-01 13:51:48 | INFO | CI | STAGE 01: EXTRACT starting...
2026-04-01 13:51:48 | INFO | CI | ========================
2026-04-01 13:52:29 | INFO | CI | === RUN START ===
2026-04-01 13:52:29 | INFO | CI | project=MODULE 4: EVTL PIPELINE
2026-04-01 13:52:29 | INFO | CI | repo_dir=nlp-04-api-text-data
2026-04-01 13:52:29 | INFO | CI | python=3.14.3
2026-04-01 13:52:29 | INFO | CI | os=Windows 11
2026-04-01 13:52:29 | INFO | CI | shell=powershell
2026-04-01 13:52:29 | INFO | CI | cwd=.
2026-04-01 13:52:29 | INFO | CI | github_actions=False
2026-04-01 13:52:29 | INFO | CI | START PIPELINE
2026-04-01 13:52:29 | INFO | CI | ROOT_PATH = .
2026-04-01 13:52:29 | INFO | CI | DATA_PATH = data
2026-04-01 13:52:29 | INFO | CI | RAW_PATH = data\raw
2026-04-01 13:52:29 | INFO | CI | PROCESSED_PATH = data\processed
2026-04-01 13:52:29 | INFO | CI | ========================
2026-04-01 13:52:29 | INFO | CI | STAGE 01: EXTRACT starting...
2026-04-01 13:52:29 | INFO | CI | ========================
2026-04-01 13:55:04 | INFO | CI | === RUN START ===
2026-04-01 13:55:04 | INFO | CI | project=MODULE 4: EVTL PIPELINE
2026-04-01 13:55:04 | INFO | CI | repo_dir=nlp-04-api-text-data
2026-04-01 13:55:04 | INFO | CI | python=3.14.3
2026-04-01 13:55:04 | INFO | CI | os=Windows 11
2026-04-01 13:55:04 | INFO | CI | shell=powershell
2026-04-01 13:55:04 | INFO | CI | cwd=.
2026-04-01 13:55:04 | INFO | CI | github_actions=False
2026-04-01 13:55:04 | INFO | CI | START PIPELINE
2026-04-01 13:55:04 | INFO | CI | ROOT_PATH = .
2026-04-01 13:55:04 | INFO | CI | DATA_PATH = data
2026-04-01 13:55:04 | INFO | CI | RAW_PATH = data\raw
2026-04-01 13:55:04 | INFO | CI | PROCESSED_PATH = data\processed
2026-04-01 13:55:04 | INFO | CI | ========================
2026-04-01 13:55:04 | INFO | CI | STAGE 01: EXTRACT starting...
2026-04-01 13:55:04 | INFO | CI | ========================
2026-04-01 13:55:11 | INFO | CI | Extracted 50 Pokémon
2026-04-01 13:55:11 | INFO | CI | Raw JSON saved to C:\Repos\nlp-04-api-text-data\data\raw\pokemon_raw.json
2026-04-01 13:55:11 | INFO | CI | ========================
2026-04-01 13:55:11 | INFO | CI | STAGE 02: VALIDATE starting...
2026-04-01 13:55:11 | INFO | CI | ========================
2026-04-01 13:55:11 | INFO | CI | Top-level type: list
2026-04-01 13:58:40 | INFO | CI | === RUN START ===
2026-04-01 13:58:40 | INFO | CI | project=MODULE 4: EVTL PIPELINE
2026-04-01 13:58:40 | INFO | CI | repo_dir=nlp-04-api-text-data
2026-04-01 13:58:40 | INFO | CI | python=3.14.3
2026-04-01 13:58:40 | INFO | CI | os=Windows 11
2026-04-01 13:58:40 | INFO | CI | shell=powershell
2026-04-01 13:58:40 | INFO | CI | cwd=.
2026-04-01 13:58:40 | INFO | CI | github_actions=False
2026-04-01 13:58:40 | INFO | CI | START PIPELINE
2026-04-01 13:58:40 | INFO | CI | ROOT_PATH = .
2026-04-01 13:58:40 | INFO | CI | DATA_PATH = data
2026-04-01 13:58:40 | INFO | CI | RAW_PATH = data\raw
2026-04-01 13:58:40 | INFO | CI | PROCESSED_PATH = data\processed
2026-04-01 13:58:40 | INFO | CI | ========================
2026-04-01 13:58:40 | INFO | CI | STAGE 01: EXTRACT starting...
2026-04-01 13:58:40 | INFO | CI | ========================
2026-04-01 14:01:33 | INFO | CI | Extracted 1350 Pokémon
2026-04-01 14:01:33 | INFO | CI | Raw JSON saved to C:\Repos\nlp-04-api-text-data\data\raw\pokemon_raw.json
2026-04-01 14:01:33 | INFO | CI | ========================
2026-04-01 14:01:33 | INFO | CI | STAGE 02: VALIDATE starting...
2026-04-01 14:01:33 | INFO | CI | ========================
2026-04-01 14:01:33 | INFO | CI | Top-level keys: ['results']
2026-04-01 14:01:33 | INFO | CI | Number of Pokémon records: 1350
2026-04-01 14:01:33 | INFO | CI | Validation complete. All records contain required fields.
2026-04-01 14:01:33 | INFO | CI | ========================
2026-04-01 14:01:33 | INFO | CI | STAGE 03: TRANSFORM starting...
2026-04-01 14:01:33 | INFO | CI | ========================
2026-04-01 14:01:33 | INFO | CI | Transformation complete.
2026-04-01 14:01:33 | INFO | CI | DataFrame preview:
shape: (5, 7)
┌────────────┬─────┬─────────────────────────────────┬───────────────┬────────┬────────┬─────────────┐
│ name       ┆ id  ┆ url                             ┆ types         ┆ height ┆ weight ┆ name_length │
│ ---        ┆ --- ┆ ---                             ┆ ---           ┆ ---    ┆ ---    ┆ ---         │
│ str        ┆ i64 ┆ str                             ┆ str           ┆ i64    ┆ i64    ┆ u32         │
╞════════════╪═════╪═════════════════════════════════╪═══════════════╪════════╪════════╪═════════════╡
│ bulbasaur  ┆ 1   ┆ https://pokeapi.co/api/v2/poke… ┆ grass, poison ┆ 7      ┆ 69     ┆ 9           │
│ ivysaur    ┆ 2   ┆ https://pokeapi.co/api/v2/poke… ┆ grass, poison ┆ 10     ┆ 130    ┆ 7           │
│ venusaur   ┆ 3   ┆ https://pokeapi.co/api/v2/poke… ┆ grass, poison ┆ 20     ┆ 1000   ┆ 8           │
│ charmander ┆ 4   ┆ https://pokeapi.co/api/v2/poke… ┆ fire          ┆ 6      ┆ 85     ┆ 10          │
│ charmeleon ┆ 5   ┆ https://pokeapi.co/api/v2/poke… ┆ fire          ┆ 11     ┆ 190    ┆ 10          │
└────────────┴─────┴─────────────────────────────────┴───────────────┴────────┴────────┴─────────────┘
2026-04-01 14:01:33 | INFO | CI | Sink: Polars DataFrame created
2026-04-01 14:01:33 | INFO | CI | ========================
2026-04-01 14:01:33 | INFO | CI | STAGE 04: LOAD starting...
2026-04-01 14:01:33 | INFO | CI | ========================
2026-04-01 14:01:33 | INFO | CI | SINK PATH = data\processed\pokemon_processed.csv
2026-04-01 14:01:33 | INFO | CI | ========================
2026-04-01 14:01:33 | INFO | CI | Pipeline executed successfully!
2026-04-01 14:01:33 | INFO | CI | ========================
2026-04-02 10:22:57 | INFO | CI | === RUN START ===
2026-04-02 10:22:57 | INFO | CI | project=MODULE 4: EVTL PIPELINE
2026-04-02 10:22:57 | INFO | CI | repo_dir=nlp-04-api-text-data
2026-04-02 10:22:57 | INFO | CI | python=3.14.3
2026-04-02 10:22:57 | INFO | CI | os=Windows 11
2026-04-02 10:22:57 | INFO | CI | shell=powershell
2026-04-02 10:22:57 | INFO | CI | cwd=.
2026-04-02 10:22:57 | INFO | CI | github_actions=False
2026-04-02 10:22:57 | INFO | CI | START PIPELINE
2026-04-02 10:22:57 | INFO | CI | ROOT_PATH = .
2026-04-02 10:22:57 | INFO | CI | DATA_PATH = data
2026-04-02 10:22:57 | INFO | CI | RAW_PATH = data\raw
2026-04-02 10:22:57 | INFO | CI | PROCESSED_PATH = data\processed
2026-04-02 10:22:57 | INFO | CI | ========================
2026-04-02 10:22:57 | INFO | CI | STAGE 01: EXTRACT starting...
2026-04-02 10:22:57 | INFO | CI | ========================
2026-04-02 10:27:22 | INFO | CI | Extracted 1350 Pokémon
2026-04-02 10:27:22 | INFO | CI | Raw JSON saved to C:\Repos\nlp-04-api-text-data\data\raw\pokemon_raw.json
2026-04-02 10:27:22 | INFO | CI | ========================
2026-04-02 10:27:22 | INFO | CI | STAGE 02: VALIDATE starting...
2026-04-02 10:27:22 | INFO | CI | ========================
2026-04-02 10:27:22 | INFO | CI | Top-level keys: ['results']
2026-04-02 10:27:22 | INFO | CI | Number of Pokémon records: 1350
2026-04-02 10:27:22 | INFO | CI | Validation complete. All records contain required fields.
2026-04-02 10:27:22 | INFO | CI | ========================
2026-04-02 10:27:22 | INFO | CI | STAGE 03: TRANSFORM starting...
2026-04-02 10:27:22 | INFO | CI | ========================
2026-04-02 10:27:22 | INFO | CI | Transformation complete.
2026-04-02 10:27:22 | INFO | CI | DataFrame preview:
shape: (5, 7)
┌────────────┬─────┬─────────────────────────────────┬───────────────┬────────┬────────┬─────────────┐
│ name       ┆ id  ┆ url                             ┆ types         ┆ height ┆ weight ┆ name_length │
│ ---        ┆ --- ┆ ---                             ┆ ---           ┆ ---    ┆ ---    ┆ ---         │
│ str        ┆ i64 ┆ str                             ┆ str           ┆ i64    ┆ i64    ┆ u32         │
╞════════════╪═════╪═════════════════════════════════╪═══════════════╪════════╪════════╪═════════════╡
│ bulbasaur  ┆ 1   ┆ https://pokeapi.co/api/v2/poke… ┆ grass, poison ┆ 7      ┆ 69     ┆ 9           │
│ ivysaur    ┆ 2   ┆ https://pokeapi.co/api/v2/poke… ┆ grass, poison ┆ 10     ┆ 130    ┆ 7           │
│ venusaur   ┆ 3   ┆ https://pokeapi.co/api/v2/poke… ┆ grass, poison ┆ 20     ┆ 1000   ┆ 8           │
│ charmander ┆ 4   ┆ https://pokeapi.co/api/v2/poke… ┆ fire          ┆ 6      ┆ 85     ┆ 10          │
│ charmeleon ┆ 5   ┆ https://pokeapi.co/api/v2/poke… ┆ fire          ┆ 11     ┆ 190    ┆ 10          │
└────────────┴─────┴─────────────────────────────────┴───────────────┴────────┴────────┴─────────────┘
2026-04-02 10:27:22 | INFO | CI | Sink: Polars DataFrame created
2026-04-02 10:27:22 | INFO | CI | Transformation complete.
2026-04-02 10:27:22 | INFO | CI | DataFrame preview:
shape: (5, 7)
┌────────────┬─────┬─────────────────────────────────┬───────────────┬────────┬────────┬─────────────┐
│ name       ┆ id  ┆ url                             ┆ types         ┆ height ┆ weight ┆ name_length │
│ ---        ┆ --- ┆ ---                             ┆ ---           ┆ ---    ┆ ---    ┆ ---         │
│ str        ┆ i64 ┆ str                             ┆ str           ┆ i64    ┆ i64    ┆ u32         │
╞════════════╪═════╪═════════════════════════════════╪═══════════════╪════════╪════════╪═════════════╡
│ bulbasaur  ┆ 1   ┆ https://pokeapi.co/api/v2/poke… ┆ grass, poison ┆ 7      ┆ 69     ┆ 9           │
│ ivysaur    ┆ 2   ┆ https://pokeapi.co/api/v2/poke… ┆ grass, poison ┆ 10     ┆ 130    ┆ 7           │
│ venusaur   ┆ 3   ┆ https://pokeapi.co/api/v2/poke… ┆ grass, poison ┆ 20     ┆ 1000   ┆ 8           │
│ charmander ┆ 4   ┆ https://pokeapi.co/api/v2/poke… ┆ fire          ┆ 6      ┆ 85     ┆ 10          │
│ charmeleon ┆ 5   ┆ https://pokeapi.co/api/v2/poke… ┆ fire          ┆ 11     ┆ 190    ┆ 10          │
└────────────┴─────┴─────────────────────────────────┴───────────────┴────────┴────────┴─────────────┘
2026-04-02 10:27:22 | INFO | CI | Summary Statistics:
2026-04-02 10:27:22 | INFO | CI | 
shape: (1, 3)
┌───────────────┬────────────┬────────────┐
│ total_pokemon ┆ avg_height ┆ avg_weight │
│ ---           ┆ ---        ┆ ---        │
│ u32           ┆ f64        ┆ f64        │
╞═══════════════╪════════════╪════════════╡
│ 1350          ┆ 20.452593  ┆ 991.719259 │
└───────────────┴────────────┴────────────┘
2026-04-02 10:27:22 | INFO | CI | Most Common Pokémon Types:
2026-04-02 10:27:22 | INFO | CI | 
shape: (18, 2)
┌──────────┬───────┐
│ types    ┆ count │
│ ---      ┆ ---   │
│ str      ┆ u32   │
╞══════════╪═══════╡
│ flying   ┆ 154   │
│ psychic  ┆ 141   │
│ fighting ┆ 109   │
│ water    ┆ 192   │
│ dragon   ┆ 117   │
│ …        ┆ …     │
│ ground   ┆ 96    │
│ grass    ┆ 156   │
│ bug      ┆ 106   │
│ poison   ┆ 106   │
│ ice      ┆ 69    │
└──────────┴───────┘
2026-04-02 10:27:22 | INFO | CI | Sink: Polars DataFrame created
2026-04-02 10:27:22 | INFO | CI | Summary saved to C:\Repos\nlp-04-api-text-data\data\processed\pokemon_summary.csv
2026-04-02 10:27:22 | INFO | CI | Type counts saved to C:\Repos\nlp-04-api-text-data\data\processed\pokemon_type_counts.csv
2026-04-02 10:27:22 | INFO | CI | ========================
2026-04-02 10:27:22 | INFO | CI | STAGE 04: LOAD starting...
2026-04-02 10:27:22 | INFO | CI | ========================
2026-04-02 10:27:22 | INFO | CI | SINK PATH = data\processed\pokemon_processed.csv
2026-04-02 10:27:22 | INFO | CI | ========================
2026-04-02 10:27:22 | INFO | CI | Pipeline executed successfully!
2026-04-02 10:27:22 | INFO | CI | ========================
